2026-05-25 15:26:10 ========== 开始自动生成 ==========
2026-05-25 15:26:11 开始按权重生成文章...
2026-05-25 15:28:37 文章生成完成
2026-05-25 15:28:37 Building Hugo site...
2026-05-25 15:28:38 Start building sites 鈥?
2026-05-25 15:28:38 hugo v0.147.0-7d0039b86ddd6397816cc3383cb0cfa481b15f32+extended windows/amd64 BuildDate=2025-04-25T15:26:28Z VendorInfo=gohugoio
2026-05-25 15:28:38 
2026-05-25 15:28:54 
2026-05-25 15:28:54                    | ZH   
2026-05-25 15:28:54 -------------------+------
2026-05-25 15:28:54   Pages            | 175  
2026-05-25 15:28:54   Paginator pages  |  13  
2026-05-25 15:28:54   Non-page files   |   0  
2026-05-25 15:28:54   Static files     |   3  
2026-05-25 15:28:54   Processed images |   0  
2026-05-25 15:28:54   Aliases          |  21  
2026-05-25 15:28:54   Cleaned          |   0  
2026-05-25 15:28:54 
2026-05-25 15:28:54 Total in 16041 ms
2026-05-25 15:28:54 Site deployed to C:\www\peiwan
2026-05-25 15:28:54 Pushing to GitHub...
